<?xml version="1.0" encoding="UTF-8"?>
<!-- Generated by org.testng.reporters.JUnitXMLReporter -->
<testsuite hostname="rzb-us-sf-276" ignored="8" name="Surefire test" tests="1" failures="1" timestamp="23 May 2018 04:29:45 GMT" time="4.606" errors="0">
  <testcase name="isFolderPresent" time="4.582" classname="org.propovednik.tests.FirstTest">
    <failure type="java.lang.AssertionError" message="expected [true] but found [false]">
      <![CDATA[java.lang.AssertionError: expected [true] but found [false]
at org.propovednik.tests.FirstTest.isFolderPresent(FirstTest.java:53)
at java.util.concurrent.ThreadPoolExecutor.runWorker(ThreadPoolExecutor.java:1149)
at java.util.concurrent.ThreadPoolExecutor$Worker.run(ThreadPoolExecutor.java:624)
at java.lang.Thread.run(Thread.java:748)
... Removed 14 stack frames]]>
    </failure>
  </testcase> <!-- isFolderPresent -->
  <testcase name="checkPlayerButtonsOnWebsite" time="0.0" classname="org.propovednik.tests.FirstTest">
    <ignored/>
  </testcase> <!-- checkPlayerButtonsOnWebsite -->
  <testcase name="testingAddAudioToPlayList" time="0.0" classname="org.propovednik.tests.FirstTest">
    <ignored/>
  </testcase> <!-- testingAddAudioToPlayList -->
  <testcase name="testingPlayListMetods" time="0.0" classname="org.propovednik.tests.FirstTest">
    <ignored/>
  </testcase> <!-- testingPlayListMetods -->
  <testcase name="checkWebsiteHeaderLogoName" time="0.0" classname="org.propovednik.tests.FirstTest">
    <ignored/>
  </testcase> <!-- checkWebsiteHeaderLogoName -->
  <testcase name="testone" time="0.0" classname="org.propovednik.tests.FirstTest">
    <ignored/>
  </testcase> <!-- testone -->
  <testcase name="checkAudioBibleForDownloadIcon" time="0.0" classname="org.propovednik.tests.FirstTest">
    <ignored/>
  </testcase> <!-- checkAudioBibleForDownloadIcon -->
  <testcase name="checkBreadcrumbIfItSaysPageFolder" time="0.0" classname="org.propovednik.tests.FirstTest">
    <ignored/>
  </testcase> <!-- checkBreadcrumbIfItSaysPageFolder -->
  <testcase name="checkIfBlagovestieDoesNotHaveDownloadIcon" time="0.0" classname="org.propovednik.tests.FirstTest">
    <ignored/>
  </testcase> <!-- checkIfBlagovestieDoesNotHaveDownloadIcon -->
</testsuite> <!-- Surefire test -->
