<?xml version="1.0" encoding="UTF-8"?>
<!-- Generated by org.testng.reporters.JUnitXMLReporter -->
<testsuite hostname="rzb-us-sf-276" ignored="8" name="Surefire test" tests="1" failures="0" timestamp="23 May 2018 04:31:48 GMT" time="5.704" errors="0">
  <testcase name="isFolderPresent" time="5.679" classname="org.propovednik.tests.FirstTest"/>
  <testcase name="checkPlayerButtonsOnWebsite" time="0.0" classname="org.propovednik.tests.FirstTest">
    <ignored/>
  </testcase> <!-- checkPlayerButtonsOnWebsite -->
  <testcase name="testingAddAudioToPlayList" time="0.0" classname="org.propovednik.tests.FirstTest">
    <ignored/>
  </testcase> <!-- testingAddAudioToPlayList -->
  <testcase name="testingPlayListMetods" time="0.0" classname="org.propovednik.tests.FirstTest">
    <ignored/>
  </testcase> <!-- testingPlayListMetods -->
  <testcase name="checkWebsiteHeaderLogoName" time="0.0" classname="org.propovednik.tests.FirstTest">
    <ignored/>
  </testcase> <!-- checkWebsiteHeaderLogoName -->
  <testcase name="testone" time="0.0" classname="org.propovednik.tests.FirstTest">
    <ignored/>
  </testcase> <!-- testone -->
  <testcase name="checkAudioBibleForDownloadIcon" time="0.0" classname="org.propovednik.tests.FirstTest">
    <ignored/>
  </testcase> <!-- checkAudioBibleForDownloadIcon -->
  <testcase name="checkBreadcrumbIfItSaysPageFolder" time="0.0" classname="org.propovednik.tests.FirstTest">
    <ignored/>
  </testcase> <!-- checkBreadcrumbIfItSaysPageFolder -->
  <testcase name="checkIfBlagovestieDoesNotHaveDownloadIcon" time="0.0" classname="org.propovednik.tests.FirstTest">
    <ignored/>
  </testcase> <!-- checkIfBlagovestieDoesNotHaveDownloadIcon -->
</testsuite> <!-- Surefire test -->
