<?xml version="1.0" encoding="UTF-8"?>
<!-- Generated by org.testng.reporters.JUnitXMLReporter -->
<testsuite hostname="rzb-us-sf-276" ignored="8" name="Surefire test" tests="1" failures="1" timestamp="23 May 2018 17:57:42 GMT" time="5.875" errors="0">
  <testcase name="isFolderPresent" time="5.84" classname="org.propovednik.tests.FirstTest">
    <failure type="java.lang.NullPointerException">
      <![CDATA[java.lang.NullPointerException
at com.google.common.base.Preconditions.checkNotNull(Preconditions.java:882)
at org.openqa.selenium.support.ui.FluentWait.<init>(FluentWait.java:104)
at org.openqa.selenium.support.ui.WebDriverWait.<init>(WebDriverWait.java:71)
at org.openqa.selenium.support.ui.WebDriverWait.<init>(WebDriverWait.java:45)
at org.propovednik.pages.MediatekaPage.<init>(MediatekaPage.java:16)
at org.propovednik.tests.FirstTest.isFolderPresent(FirstTest.java:51)
at java.util.concurrent.ThreadPoolExecutor.runWorker(ThreadPoolExecutor.java:1149)
at java.util.concurrent.ThreadPoolExecutor$Worker.run(ThreadPoolExecutor.java:624)
at java.lang.Thread.run(Thread.java:748)
... Removed 10 stack frames]]>
    </failure>
  </testcase> <!-- isFolderPresent -->
  <testcase name="testingAddAudioToPlayList" time="0.0" classname="org.propovednik.tests.FirstTest">
    <ignored/>
  </testcase> <!-- testingAddAudioToPlayList -->
  <testcase name="checkPlayerButtonsOnWebsite" time="0.0" classname="org.propovednik.tests.FirstTest">
    <ignored/>
  </testcase> <!-- checkPlayerButtonsOnWebsite -->
  <testcase name="testingPlayListMetods" time="0.0" classname="org.propovednik.tests.FirstTest">
    <ignored/>
  </testcase> <!-- testingPlayListMetods -->
  <testcase name="checkWebsiteHeaderLogoName" time="0.0" classname="org.propovednik.tests.FirstTest">
    <ignored/>
  </testcase> <!-- checkWebsiteHeaderLogoName -->
  <testcase name="testone" time="0.0" classname="org.propovednik.tests.FirstTest">
    <ignored/>
  </testcase> <!-- testone -->
  <testcase name="checkAudioBibleForDownloadIcon" time="0.0" classname="org.propovednik.tests.FirstTest">
    <ignored/>
  </testcase> <!-- checkAudioBibleForDownloadIcon -->
  <testcase name="checkBreadcrumbIfItSaysPageFolder" time="0.0" classname="org.propovednik.tests.FirstTest">
    <ignored/>
  </testcase> <!-- checkBreadcrumbIfItSaysPageFolder -->
  <testcase name="checkIfBlagovestieDoesNotHaveDownloadIcon" time="0.0" classname="org.propovednik.tests.FirstTest">
    <ignored/>
  </testcase> <!-- checkIfBlagovestieDoesNotHaveDownloadIcon -->
</testsuite> <!-- Surefire test -->
